============================= test session starts ==============================
platform linux -- Python 3.14.7, pytest-9.1.1, pluggy-1.6.0 -- /home/samuel/Proyectos/ejercicio-docker-audit/.venv/bin/python3
cachedir: .pytest_cache
rootdir: /home/samuel/Proyectos/ejercicio-docker-audit
collecting ... collected 6 items

test_app.py::test_home PASSED                                            [ 16%]
test_app.py::test_buscar_id_valido PASSED                                [ 33%]
test_app.py::test_buscar_id_invalido PASSED                              [ 50%]
test_app.py::test_buscar_sin_base_de_datos PASSED                        [ 66%]
test_app.py::test_buscar_usuario_no_existente PASSED                     [ 83%]
test_app.py::test_health_determinista PASSED                             [100%]

============================== 6 passed in 0.10s ===============================
